0 info it worked if it ends with ok
1 verbose cli [ 'C:\\Program Files\\nodejs\\node.exe',
1 verbose cli   'C:\\Program Files\\nodejs\\node_modules\\npm\\bin\\npm-cli.js',
1 verbose cli   'start' ]
2 info using npm@3.8.3
3 info using node@v5.10.1
4 verbose run-script [ 'prestart', 'start', 'poststart' ]
5 info lifecycle node-api@~prestart: node-api@
6 silly lifecycle node-api@~prestart: no script for prestart, continuing
7 info lifecycle node-api@~start: node-api@
8 verbose lifecycle node-api@~start: unsafe-perm in lifecycle true
9 verbose lifecycle node-api@~start: PATH: C:\Program Files\nodejs\node_modules\npm\bin\node-gyp-bin;C:\Users\hiepx\Documents\batcave\GMAT-PROJECT\node_modules\.bin;C:\Program Files\nodejs;C:\ProgramData\Oracle\Java\javapathC:\Program Files\Java\jre1.8.0_77\bin;C:\Windows\system32;C:\Windows;C:\Windows\System32\Wbem;C:\Windows\System32\WindowsPowerShell\v1.0\;C:\Python34\Scripts;C:\Python34;C:\Program Files\MongoDB\Server\3.2\bin;C:\Program Files\Git\bin;C:\ffmpeg\bin;%JAVA_HOME%\bin;C:\ProgramData\Oracle\Java\;C:\Program Files\Java\jre1.8.0_77\bin;C:\Program Files (x86)\Windows Kits\8.0\Windows Performance Toolkit\;C:\Program Files\nodejs\;C:\Program Files (x86)\Heroku\bin;C:\Program Files (x86)\git\cmd;C:\Program Files (x86)\Git\cmd;C:\Program Files (x86)\Skype\Phone\;C:\Program Files (x86)\Brackets\command;C:\Ruby23-x64\bin;C:\Python34;C:\Python34\Scripts;C:\Program Files\MongoDB\Server\3.2\bin;C:\Program Files\Git\bin;C:\ffmpeg\bin;C:\Users\hiepx\AppData\Local\.meteor\;C:\Program Files (x86)\Microsoft VS Code\bin;C:\Program Files\Java\jre1.8.0_77\bin;C:\ProgramData\Oracle\Java\javapath;C:\ProgramData\Oracle\Java\;C:\Users\hiepx\AppData\Roaming\npm;C:\Users\hiepx\AppData\Local\atom\bin
10 verbose lifecycle node-api@~start: CWD: C:\Users\hiepx\Documents\batcave\GMAT-PROJECT
11 silly lifecycle node-api@~start: Args: [ '/d /s /c', 'node server.js' ]
12 silly lifecycle node-api@~start: Returned: code: 1  signal: null
13 info lifecycle node-api@~start: Failed to exec start script
14 verbose stack Error: node-api@ start: `node server.js`
14 verbose stack Exit status 1
14 verbose stack     at EventEmitter.<anonymous> (C:\Program Files\nodejs\node_modules\npm\lib\utils\lifecycle.js:239:16)
14 verbose stack     at emitTwo (events.js:100:13)
14 verbose stack     at EventEmitter.emit (events.js:185:7)
14 verbose stack     at ChildProcess.<anonymous> (C:\Program Files\nodejs\node_modules\npm\lib\utils\spawn.js:24:14)
14 verbose stack     at emitTwo (events.js:100:13)
14 verbose stack     at ChildProcess.emit (events.js:185:7)
14 verbose stack     at maybeClose (internal/child_process.js:850:16)
14 verbose stack     at Process.ChildProcess._handle.onexit (internal/child_process.js:215:5)
15 verbose pkgid node-api@
16 verbose cwd C:\Users\hiepx\Documents\batcave\GMAT-PROJECT
17 error Windows_NT 10.0.10586
18 error argv "C:\\Program Files\\nodejs\\node.exe" "C:\\Program Files\\nodejs\\node_modules\\npm\\bin\\npm-cli.js" "start"
19 error node v5.10.1
20 error npm  v3.8.3
21 error code ELIFECYCLE
22 error node-api@ start: `node server.js`
22 error Exit status 1
23 error Failed at the node-api@ start script 'node server.js'.
23 error Make sure you have the latest version of node.js and npm installed.
23 error If you do, this is most likely a problem with the node-api package,
23 error not with npm itself.
23 error Tell the author that this fails on your system:
23 error     node server.js
23 error You can get information on how to open an issue for this project with:
23 error     npm bugs node-api
23 error Or if that isn't available, you can get their info via:
23 error     npm owner ls node-api
23 error There is likely additional logging output above.
24 verbose exit [ 1, true ]
